<?xml version="1.0" encoding="UTF-8"?>
<testng-results skipped="0" failed="0" ignored="0" total="2" passed="2">
  <reporter-output>
  </reporter-output>
  <suite name="Default suite" duration-ms="19829" started-at="2019-02-06T06:47:15Z" finished-at="2019-02-06T06:47:35Z">
    <groups>
    </groups>
    <test name="Default test" duration-ms="19829" started-at="2019-02-06T06:47:15Z" finished-at="2019-02-06T06:47:35Z">
      <class name="com.Newtours_LogIn_Registration.Newtours_NewUserRegistration">
        <test-method status="PASS" signature="setup()[pri:0, instance:com.Newtours_LogIn_Registration.Newtours_NewUserRegistration@4b553d26]" name="setup" is-config="true" duration-ms="6942" started-at="2019-02-06T06:47:15Z" finished-at="2019-02-06T06:47:22Z">
          <reporter-output>
          </reporter-output>
        </test-method> <!-- setup -->
        <test-method status="PASS" signature="register()[pri:0, instance:com.Newtours_LogIn_Registration.Newtours_NewUserRegistration@4b553d26]" name="register" duration-ms="1000" started-at="2019-02-06T06:47:22Z" finished-at="2019-02-06T06:47:23Z">
          <reporter-output>
          </reporter-output>
        </test-method> <!-- register -->
        <test-method status="PASS" signature="NewuserRegistration()[pri:1, instance:com.Newtours_LogIn_Registration.Newtours_NewUserRegistration@4b553d26]" name="NewuserRegistration" duration-ms="11218" started-at="2019-02-06T06:47:23Z" finished-at="2019-02-06T06:47:35Z">
          <reporter-output>
          </reporter-output>
        </test-method> <!-- NewuserRegistration -->
        <test-method status="PASS" signature="tearDown()[pri:0, instance:com.Newtours_LogIn_Registration.Newtours_NewUserRegistration@4b553d26]" name="tearDown" is-config="true" duration-ms="625" started-at="2019-02-06T06:47:35Z" finished-at="2019-02-06T06:47:35Z">
          <reporter-output>
          </reporter-output>
        </test-method> <!-- tearDown -->
      </class> <!-- com.Newtours_LogIn_Registration.Newtours_NewUserRegistration -->
    </test> <!-- Default test -->
  </suite> <!-- Default suite -->
</testng-results>
